Epoch:[1/5]	Iter:[1/15]	cls_loss:2.4159	box_loss:0.8003	obj_loss:1.0377Targets: [{'boxes': tensor([[128.0000, 467.0000, 138.0000, 476.5000],
        [101.3125, 231.1250, 127.3125, 315.2500],
        [192.6250,  99.5625, 202.6250, 137.5000],
        [294.0000, 181.3750, 342.7500, 253.6250],
        [ 80.6875, 347.2500, 144.6250, 512.0000],
        [342.0000, 112.5625, 368.7500, 160.0000]], device='cuda:0',
       dtype=torch.float16), 'labels': tensor([3, 4, 4, 4, 5, 5], device='cuda:0'), 'image_id': tensor(55, device='cuda:0')}, {'boxes': tensor([[247.3750, 253.6250, 330.7500, 380.5000],
        [182.0000, 177.7500, 261.2500, 281.0000],
        [259.2500, 177.7500, 338.0000, 267.7500],
        [344.7500, 216.8750, 402.7500, 322.2500],
        [252.0000, 425.5000, 370.0000, 629.5000],
        [321.2500,  65.1875, 396.7500, 123.2500],
        [242.0000,  37.9375, 308.7500,  81.7500],
        [385.2500,  47.4062, 434.7500, 104.3125],
        [558.5000,  62.8125, 633.5000, 114.9375],
        [198.6250, 224.0000, 216.6250, 237.0000],
        [288.7500, 547.5000, 324.0000, 564.0000],
        [274.7500, 324.7500, 296.0000, 333.0000],
        [366.0000, 289.2500, 386.7500, 303.5000],
        [548.0000, 177.7500, 570.0000, 279.7500],
        [188.6250, 106.6875, 254.0000, 193.1250]], device='cuda:0',
       dtype=torch.float16), 'labels': tensor([1, 1, 1, 1, 1, 1, 1, 1, 1, 3, 3, 3, 3, 4, 5], device='cuda:0'), 'image_id': tensor(45, device='cuda:0')}, {'boxes': tensor([[186.0000, 174.2500, 264.7500, 279.7500],
        [268.0000, 171.8750, 347.2500, 269.0000],
        [246.6250, 257.2500, 328.7500, 368.5000],
        [260.7500, 354.2500, 360.7500, 514.5000],
        [344.7500, 219.2500, 402.0000, 327.0000],
        [242.0000,  41.4688, 300.7500,  81.7500],
        [522.0000,  74.6875, 591.5000, 135.1250],
        [550.5000,  56.8750, 636.5000, 112.5625],
        [199.3750, 221.6250, 217.3750, 234.6250],
        [278.0000, 321.2500, 296.0000, 334.2500],
        [290.7500, 442.0000, 322.7500, 459.7500],
        [543.5000, 160.0000, 560.5000, 256.0000],
        [580.5000, 163.5000, 603.5000, 259.5000],
        [ 64.6875, 121.0625, 141.3750, 213.5000]], device='cuda:0',
       dtype=torch.float16), 'labels': tensor([1, 1, 1, 1, 1, 1, 1, 1, 3, 3, 3, 4, 4, 5], device='cuda:0'), 'image_id': tensor(46, device='cuda:0')}, {'boxes': tensor([[218.6250, 154.1250, 300.0000, 244.1250],
        [246.6250, 250.1250, 330.7500, 371.0000],
        [266.0000, 327.0000, 356.0000, 475.2500],
        [344.7500, 215.7500, 397.2500, 324.7500],
        [327.2500, 145.7500, 397.2500, 221.6250],
        [318.0000,  79.4375, 374.7500, 137.5000],
        [530.0000,  37.9375, 578.0000,  75.8750],
        [232.6250, 197.8750, 248.6250, 211.0000],
        [294.7500, 404.2500, 322.0000, 420.7500],
        [588.5000, 143.3750, 611.5000, 233.5000]], device='cuda:0',
       dtype=torch.float16), 'labels': tensor([1, 1, 1, 1, 1, 1, 1, 3, 3, 4], device='cuda:0'), 'image_id': tensor(48, device='cuda:0')}]
Epoch:[1/5]	Iter:[15/15]	cls_loss:0.2044	box_loss:0.2861	obj_loss:0.1421Targets: [{'boxes': tensor([[ 72.1875, 157.7500, 533.5000, 425.2500]], device='cuda:0',
       dtype=torch.float16), 'labels': tensor([1], device='cuda:0'), 'image_id': tensor(21, device='cuda:0')}, {'boxes': tensor([[340.0000, 263.0000, 408.0000, 372.2500],
        [440.0000, 355.5000, 544.5000, 531.0000],
        [480.7500, 112.5625, 575.5000, 176.6250],
        [333.2500, 116.2500, 405.2500, 162.3750],
        [388.7500,  90.0625, 466.0000, 144.6250],
        [458.7500, 103.1250, 506.0000, 152.8750],
        [497.2500,  74.6875, 572.0000, 124.4375],
        [433.2500,  10.6641, 450.0000,  37.9375],
        [454.0000,  17.7812, 478.7500,  41.4688],
        [474.0000,  15.4062, 494.7500,  41.4688],
        [358.7500, 322.2500, 382.0000, 336.5000],
        [423.2500, 282.0000, 451.2500, 397.0000],
        [373.2500,  30.8125, 387.2500,  62.8125],
        [383.2500,  26.0781, 394.7500,  55.7188],
        [392.7500,  23.7031, 402.7500,  48.5938]], device='cuda:0',
       dtype=torch.float16), 'labels': tensor([1, 1, 1, 1, 1, 1, 1, 1, 1, 1, 3, 4, 5, 5, 5], device='cuda:0'), 'image_id': tensor(40, device='cuda:0')}, {'boxes': tensor([[1.0656e+02, 4.9375e+02, 2.3562e+02, 6.4000e+02],
        [3.6900e+02, 5.0975e+02, 5.0300e+02, 6.3950e+02],
        [1.7100e+02, 3.6800e+02, 2.5238e+02, 4.7825e+02],
        [2.0038e+02, 2.8575e+02, 2.9000e+02, 4.2600e+02],
        [1.6663e-01, 2.0712e+02, 4.5000e+01, 2.9950e+02],
        [5.7656e+01, 1.6888e+02, 1.0681e+02, 2.5275e+02],
        [1.1331e+02, 1.7112e+02, 1.5200e+02, 2.2625e+02],
        [4.5225e+02, 2.1862e+02, 5.1550e+02, 3.0550e+02],
        [3.6225e+02, 2.4388e+02, 4.1975e+02, 3.4075e+02],
        [3.5300e+02, 2.0550e+02, 4.0175e+02, 2.7725e+02],
        [2.2350e+02, 2.3025e+02, 2.8250e+02, 3.1500e+02],
        [2.3362e+02, 2.0350e+02, 2.8875e+02, 2.8000e+02],
        [2.5700e+02, 1.9200e+02, 2.9875e+02, 2.6125e+02],
        [1.5400e+02, 6.2350e+02, 1.8638e+02, 6.4000e+02],
        [1.9638e+02, 4.4850e+02, 2.2262e+02, 4.6175e+02],
        [2.4138e+02, 3.7925e+02, 2.5400e+02, 3.9000e+02],
        [4.3175e+02, 4.8900e+02, 4.5900e+02, 5.0200e+02],
        [3.9075e+02, 2.7150e+02, 4.9800e+02, 5.4950e+02],
        [2.6025e+02, 1.3125e+02, 3.0775e+02, 2.4912e+02],
        [3.4025e+02, 1.6150e+02, 3.8075e+02, 2.4262e+02]], device='cuda:0',
       dtype=torch.float16), 'labels': tensor([1, 1, 1, 1, 1, 1, 1, 1, 1, 1, 1, 1, 1, 2, 2, 2, 2, 7, 7, 7],
       device='cuda:0'), 'image_id': tensor(3, device='cuda:0')}, {'boxes': tensor([[283.7500, 130.2500, 551.5000, 473.2500]], device='cuda:0',
       dtype=torch.float16), 'labels': tensor([1], device='cuda:0'), 'image_id': tensor(25, device='cuda:0')}]
Epoch:[2/5]	Iter:[1/15]	cls_loss:0.3063	box_loss:0.3753	obj_loss:0.1438Targets: [{'boxes': tensor([[236.0000, 183.7500, 308.0000, 231.1250],
        [388.0000, 322.2500, 441.2500, 432.5000],
        [343.2500, 173.0000, 392.0000, 212.1250],
        [406.0000, 381.7500, 424.7500, 393.5000],
        [342.0000,  94.8125, 350.7500, 114.9375],
        [544.5000, 112.5625, 591.5000, 188.5000],
        [491.2500,  88.8750, 518.0000, 129.1250]], device='cuda:0',
       dtype=torch.float16), 'labels': tensor([1, 1, 1, 3, 5, 6, 6], device='cuda:0'), 'image_id': tensor(38, device='cuda:0')}, {'boxes': tensor([[253.3750, 137.5000, 333.2500, 221.6250],
        [343.2500, 213.3750, 407.2500, 323.5000],
        [249.3750, 250.1250, 316.7500, 374.5000],
        [262.0000, 322.7500, 358.0000, 472.0000],
        [374.7500, 120.8750, 430.7500, 199.1250],
        [528.5000,  35.5625, 580.0000,  84.1250],
        [294.7500, 405.2500, 322.0000, 420.7500],
        [348.7500, 150.5000, 368.0000, 244.1250],
        [600.0000, 138.6250, 622.0000, 215.7500]], device='cuda:0',
       dtype=torch.float16), 'labels': tensor([1, 1, 1, 1, 1, 1, 3, 4, 4], device='cuda:0'), 'image_id': tensor(49, device='cuda:0')}, {'boxes': tensor([[ 48.6562, 120.8750, 159.3750, 211.0000],
        [174.6250, 189.6250, 246.0000, 289.2500],
        [248.0000, 253.6250, 330.0000, 381.7500],
        [250.6250, 179.0000, 336.7500, 278.5000],
        [341.2500, 215.7500, 407.2500, 322.2500],
        [246.6250,  90.0625, 319.2500, 186.1250],
        [332.7500,  65.1875, 406.7500, 125.6250],
        [525.5000,  72.3125, 615.5000, 124.4375],
        [192.6250, 237.0000, 213.3750, 252.5000],
        [275.2500, 322.2500, 298.0000, 333.0000],
        [366.7500, 288.0000, 391.2500, 298.7500],
        [554.0000, 196.8750, 578.5000, 297.7500],
        [581.5000, 163.5000, 603.5000, 252.5000],
        [417.2500,  64.0000, 430.7500, 118.5000]], device='cuda:0',
       dtype=torch.float16), 'labels': tensor([1, 1, 1, 1, 1, 1, 1, 1, 3, 3, 3, 4, 4, 5], device='cuda:0'), 'image_id': tensor(44, device='cuda:0')}, {'boxes': tensor([[139.3750, 486.5000, 202.0000, 532.0000],
        [ 22.7500,  25.4219, 637.0000, 631.5000]], device='cuda:0',
       dtype=torch.float16), 'labels': tensor([3, 7], device='cuda:0'), 'image_id': tensor(14, device='cuda:0')}]
Epoch:[2/5]	Iter:[15/15]	cls_loss:0.3218	box_loss:0.3660	obj_loss:0.1418Targets: [{'boxes': tensor([[ 13.9219, 576.0000, 107.1250, 640.0000],
        [146.2500, 573.5000, 231.8750, 640.5000],
        [251.2500, 537.5000, 327.5000, 640.0000],
        [342.5000, 536.0000, 426.2500, 640.0000],
        [ 28.7656, 418.2500,  95.3125, 495.5000],
        [ 73.4375, 460.2500, 148.3750, 554.5000],
        [117.5625, 402.0000, 181.3750, 475.0000],
        [163.2500, 445.0000, 232.0000, 518.5000],
        [199.1250, 388.7500, 257.5000, 453.2500],
        [121.1875, 364.5000, 166.5000, 418.0000],
        [ 30.4062, 354.0000,  87.2500, 422.7500],
        [ 44.2188, 312.7500,  86.8125, 365.5000],
        [127.0000, 335.7500, 175.0000, 387.7500],
        [199.8750, 334.5000, 255.5000, 398.2500],
        [ 98.9375, 292.7500, 143.6250, 341.5000],
        [268.5000, 430.5000, 321.7500, 510.5000],
        [238.1250, 489.0000, 303.7500, 587.5000],
        [372.5000, 422.7500, 423.7500, 522.0000],
        [363.7500, 379.2500, 412.5000, 468.5000],
        [274.5000, 383.7500, 327.7500, 463.7500],
        [283.0000, 348.5000, 334.0000, 411.5000],
        [248.3750, 293.7500, 285.7500, 350.2500],
        [303.7500, 319.7500, 346.2500, 379.0000],
        [208.0000, 292.0000, 239.2500, 332.0000],
        [152.7500, 315.0000, 188.2500, 369.7500],
        [125.0000, 244.8750, 165.5000, 294.5000],
        [158.6250, 238.6250, 189.0000, 275.0000],
        [187.2500, 238.6250, 222.3750, 285.0000],
        [210.7500, 212.2500, 230.8750, 244.2500],
        [280.2500, 205.2500, 298.5000, 238.6250],
        [543.0000, 481.5000, 619.0000, 612.5000],
        [555.0000, 439.2500, 630.5000, 543.0000],
        [541.5000, 391.0000, 608.5000, 454.7500],
        [570.0000, 359.0000, 630.5000, 447.2500],
        [454.7500, 305.5000, 488.0000, 368.7500],
        [431.0000, 274.5000, 467.7500, 327.0000],
        [416.5000, 186.0000, 440.5000, 226.0000],
        [446.5000, 246.5000, 473.2500, 298.5000],
        [516.5000, 279.2500, 555.0000, 340.7500],
        [491.2500, 353.2500, 546.5000, 434.0000],
        [575.0000, 332.0000, 623.5000, 383.7500],
        [501.0000, 233.0000, 541.5000, 266.2500],
        [516.0000, 411.2500, 532.0000, 420.2500],
        [466.0000, 346.2500, 478.5000, 355.0000],
        [377.2500, 623.5000, 400.2500, 633.5000],
        [278.2500, 614.5000, 300.5000, 623.0000],
        [ 87.8125, 519.5000, 107.5000, 528.5000],
        [128.1250, 445.0000, 147.8750, 454.0000],
        [212.2500, 431.0000, 232.3750, 439.2500],
        [289.0000, 476.5000, 308.5000, 484.2500],
        [437.0000, 542.5000, 446.2500, 555.0000],
        [119.1250, 532.5000, 145.1250, 636.5000],
        [517.0000, 461.0000, 542.0000, 556.0000],
        [ 49.0000, 502.5000,  76.1250, 574.5000],
        [333.0000, 244.8750, 345.7500, 293.0000],
        [348.2500, 247.3750, 361.0000, 291.2500],
        [280.7500, 253.0000, 294.7500, 300.7500],
        [404.0000, 460.2500, 451.2500, 577.5000],
        [ 68.6250, 290.2500,  96.8125, 348.0000],
        [223.3750, 227.3750, 246.3750, 272.0000],
        [253.7500, 246.6250, 276.2500, 283.2500],
        [319.0000, 233.6250, 337.2500, 268.0000],
        [295.7500, 225.1250, 318.5000, 251.3750],
        [497.7500, 301.5000, 526.0000, 328.0000],
        [561.5000, 284.0000, 593.0000, 330.2500],
        [536.5000, 304.5000, 568.5000, 366.0000],
        [491.7500, 266.7500, 523.5000, 293.7500],
        [613.5000, 323.2500, 639.5000, 392.0000],
        [192.1250, 164.3750, 240.2500, 225.7500],
        [254.7500, 106.1250, 277.7500, 135.7500],
        [522.5000, 173.2500, 592.0000, 258.7500]], device='cuda:0',
       dtype=torch.float16), 'labels': tensor([1, 1, 1, 1, 1, 1, 1, 1, 1, 1, 1, 1, 1, 1, 1, 1, 1, 1, 1, 1, 1, 1, 1, 1,
        1, 1, 1, 1, 1, 1, 1, 1, 1, 1, 1, 1, 1, 1, 1, 1, 1, 1, 3, 3, 2, 2, 3, 3,
        3, 3, 3, 4, 4, 4, 4, 4, 4, 5, 5, 5, 5, 5, 5, 5, 5, 5, 5, 5, 6, 6, 6],
       device='cuda:0'), 'image_id': tensor(18, device='cuda:0')}, {'boxes': tensor([[128.0000, 490.7500, 136.6250, 500.2500],
        [ 98.6875, 241.7500, 122.0000, 330.7500],
        [175.3750, 104.3125, 189.3750, 142.2500],
        [326.7500, 184.8750, 368.0000, 256.0000],
        [359.2500, 115.0625, 389.2500, 163.5000],
        [ 78.0000, 361.5000, 141.3750, 537.0000]], device='cuda:0',
       dtype=torch.float16), 'labels': tensor([3, 4, 4, 4, 5, 5], device='cuda:0'), 'image_id': tensor(54, device='cuda:0')}, {'boxes': tensor([[ 27.1875, 115.4375, 622.5000, 465.2500]], device='cuda:0',
       dtype=torch.float16), 'labels': tensor([6], device='cuda:0'), 'image_id': tensor(6, device='cuda:0')}, {'boxes': tensor([[306.7500, 359.0000, 393.2500, 518.0000],
        [274.7500, 484.7500, 380.7500, 640.0000],
        [372.7500, 244.1250, 436.7500, 349.7500],
        [433.2500, 318.7500, 515.5000, 461.0000],
        [441.2500, 449.2500, 579.5000, 640.0000],
        [ 15.3359, 100.7500,  50.0000, 150.5000],
        [  0.6665,  79.4375,  35.3438, 125.6250],
        [288.7500,  22.5156, 300.7500,  40.2812],
        [130.6250, 418.2500, 140.6250, 431.5000],
        [ 67.3125, 602.0000,  78.0000, 612.5000],
        [236.0000, 475.2500, 244.6250, 487.0000],
        [313.2500, 604.5000, 347.2500, 623.5000],
        [343.2500, 459.5000, 367.2500, 471.5000],
        [392.0000, 304.5000, 411.2500, 316.5000],
        [475.2500, 427.7500, 498.7500, 441.0000],
        [509.2500, 579.5000, 540.5000, 596.0000],
        [125.3125, 335.5000, 164.0000, 475.2500],
        [485.2500, 175.5000, 516.0000, 256.2500],
        [  4.0000, 442.0000,  94.6875, 640.0000],
        [184.6250, 356.7500, 256.0000, 521.5000],
        [556.5000,  74.6875, 586.0000, 128.0000]], device='cuda:0',
       dtype=torch.float16), 'labels': tensor([1, 1, 1, 1, 1, 1, 1, 1, 3, 3, 3, 3, 3, 3, 3, 3, 4, 4, 5, 5, 5],
       device='cuda:0'), 'image_id': tensor(51, device='cuda:0')}]
Epoch:[3/5]	Iter:[1/15]	cls_loss:0.3122	box_loss:0.4685	obj_loss:0.0660Targets: [{'boxes': tensor([[175.3750, 405.2500, 254.0000, 604.5000],
        [278.7500, 406.5000, 360.0000, 576.0000],
        [354.7500, 300.2500, 424.7500, 403.2500],
        [226.6250,  75.8750, 242.0000, 101.9375],
        [311.2500, 103.1250, 342.0000, 142.2500],
        [359.2500, 112.5625, 392.7500, 149.3750],
        [550.0000,  96.0000, 576.0000, 126.8125],
        [200.0000, 537.0000, 229.3750, 551.0000],
        [203.3750, 276.2500, 224.0000, 366.2500],
        [230.0000, 294.0000, 264.0000, 403.0000],
        [278.7500, 275.0000, 302.7500, 368.5000],
        [311.2500, 271.5000, 336.7500, 366.2500],
        [400.7500, 197.8750, 438.7500, 266.7500],
        [447.2500, 337.7500, 512.0000, 486.0000],
        [ 50.6562, 488.2500, 132.6250, 640.0000],
        [272.7500, 500.2500, 351.2500, 640.0000],
        [245.3750,  97.1875, 266.0000, 135.1250],
        [538.5000, 152.8750, 580.5000, 213.3750],
        [578.5000,  66.3750, 608.0000, 131.5000],
        [276.0000,  96.0000, 310.0000, 150.5000]], device='cuda:0',
       dtype=torch.float16), 'labels': tensor([1, 1, 1, 1, 1, 1, 1, 2, 4, 4, 4, 4, 4, 5, 5, 5, 5, 5, 7, 7],
       device='cuda:0'), 'image_id': tensor(59, device='cuda:0')}, {'boxes': tensor([[187.3750, 165.8750, 272.0000, 272.5000],
        [272.7500, 163.5000, 342.7500, 275.0000],
        [250.0000, 251.2500, 329.2500, 371.0000],
        [266.7500, 339.0000, 358.7500, 503.7500],
        [342.7500, 213.3750, 403.2500, 321.2500],
        [239.3750,  59.2500, 315.2500, 116.1250],
        [285.2500,  40.2812, 346.7500,  86.5000],
        [566.5000,  78.2500, 638.0000, 138.6250],
        [202.0000, 219.2500, 218.6250, 233.5000],
        [273.2500, 324.7500, 297.2500, 334.2500],
        [294.0000, 424.2500, 325.2500, 441.0000],
        [544.5000, 164.7500, 567.5000, 259.5000],
        [583.5000, 153.8750, 605.5000, 248.7500],
        [ 12.0000, 118.5000,  88.0000, 212.1250]], device='cuda:0',
       dtype=torch.float16), 'labels': tensor([1, 1, 1, 1, 1, 1, 1, 1, 3, 3, 3, 4, 4, 5], device='cuda:0'), 'image_id': tensor(47, device='cuda:0')}, {'boxes': tensor([[150.0000, 413.7500, 240.6250, 528.5000],
        [ 21.5000, 192.6250,  67.5000, 275.0000],
        [  0.8335, 208.6250,  39.0000, 287.5000],
        [ 81.6875, 163.8750, 122.6875, 235.2500],
        [126.3125, 171.8750, 162.5000, 220.1250],
        [464.0000, 227.2500, 533.5000, 333.7500],
        [362.7500, 262.7500, 435.2500, 363.7500],
        [361.2500, 211.5000, 409.2500, 290.2500],
        [355.2500, 199.1250, 397.2500, 258.2500],
        [188.3750, 314.0000, 283.2500, 460.5000],
        [216.0000, 239.7500, 282.0000, 333.7500],
        [230.6250, 212.1250, 289.0000, 290.2500],
        [434.0000, 579.5000, 466.7500, 596.0000],
        [180.0000, 502.0000, 208.3750, 519.5000],
        [220.6250, 409.0000, 245.0000, 423.0000],
        [492.2500, 301.0000, 512.5000, 310.5000],
        [255.5000, 133.6250, 301.2500, 261.2500],
        [340.7500, 155.8750, 382.0000, 246.2500],
        [386.0000, 329.0000, 513.5000, 639.5000]], device='cuda:0',
       dtype=torch.float16), 'labels': tensor([1, 1, 1, 1, 1, 1, 1, 1, 1, 1, 1, 1, 2, 2, 2, 3, 7, 7, 7],
       device='cuda:0'), 'image_id': tensor(2, device='cuda:0')}, {'boxes': tensor([[  1.0459, 384.7500, 308.5000, 640.0000],
        [253.1250, 383.0000, 299.0000, 420.2500],
        [305.0000, 370.0000, 352.2500, 425.0000],
        [328.2500, 383.0000, 410.0000, 470.2500],
        [433.2500, 384.7500, 554.0000, 457.2500],
        [573.0000, 394.2500, 640.0000, 501.0000]], device='cuda:0',
       dtype=torch.float16), 'labels': tensor([1, 1, 1, 1, 1, 1], device='cuda:0'), 'image_id': tensor(20, device='cuda:0')}]
Epoch:[3/5]	Iter:[15/15]	cls_loss:0.1766	box_loss:0.2732	obj_loss:0.0470Targets: [{'boxes': tensor([[121.6250, 282.7500, 539.5000, 560.5000]], device='cuda:0',
       dtype=torch.float16), 'labels': tensor([7], device='cuda:0'), 'image_id': tensor(16, device='cuda:0')}, {'boxes': tensor([[141.0000, 510.7500, 311.7500, 640.0000],
        [ 32.0000, 411.7500, 161.7500, 498.2500],
        [131.0000, 377.2500, 202.6250, 422.0000],
        [155.8750, 356.0000, 215.1250, 386.7500],
        [197.8750, 329.7500, 241.1250, 353.2500],
        [207.3750, 440.0000, 315.2500, 516.0000],
        [226.3750, 391.2500, 305.2500, 440.7500],
        [247.1250, 357.2500, 308.7500, 394.0000],
        [273.2500, 349.2500, 321.2500, 375.2500],
        [433.7500, 513.5000, 618.5000, 640.0000],
        [389.2500, 435.2500, 500.2500, 510.0000],
        [379.2500, 372.7500, 459.2500, 432.0000],
        [442.0000, 496.0000, 464.5000, 502.7500],
        [255.3750, 430.7500, 272.0000, 436.7500],
        [ 65.7500, 485.2500,  87.6875, 490.7500],
        [349.7500, 324.2500, 427.2500, 390.2500]], device='cuda:0',
       dtype=torch.float16), 'labels': tensor([1, 1, 1, 1, 1, 1, 1, 1, 1, 1, 1, 1, 3, 3, 3, 6], device='cuda:0'), 'image_id': tensor(8, device='cuda:0')}, {'boxes': tensor([[  4.1484, 474.2500, 102.5000, 625.0000],
        [ 76.4375, 389.2500, 181.8750, 457.2500],
        [159.3750, 359.7500, 221.0000, 394.2500],
        [171.8750, 343.2500, 228.7500, 366.0000],
        [157.0000, 491.2500, 311.0000, 634.0000],
        [209.7500, 429.2500, 312.2500, 502.7500],
        [226.3750, 390.7500, 306.2500, 434.7500],
        [243.5000, 357.2500, 306.2500, 394.7500],
        [270.2500, 346.2500, 322.2500, 374.2500],
        [380.5000, 369.2500, 457.0000, 426.0000],
        [381.7500, 422.0000, 479.5000, 488.7500],
        [420.2500, 488.7500, 584.5000, 607.5000],
        [327.0000, 507.2500, 374.5000, 595.5000],
        [323.5000, 386.0000, 350.7500, 430.0000],
        [203.8750, 613.5000, 237.0000, 622.0000],
        [507.7500, 593.5000, 542.0000, 602.0000],
        [434.7500, 477.7500, 450.7500, 481.0000],
        [352.0000, 322.2500, 423.7500, 392.0000]], device='cuda:0',
       dtype=torch.float16), 'labels': tensor([1, 1, 1, 1, 1, 1, 1, 1, 1, 1, 1, 1, 4, 4, 2, 2, 3, 6], device='cuda:0'), 'image_id': tensor(10, device='cuda:0')}, {'boxes': tensor([[283.7500, 130.2500, 551.5000, 473.2500]], device='cuda:0',
       dtype=torch.float16), 'labels': tensor([1], device='cuda:0'), 'image_id': tensor(25, device='cuda:0')}]
Epoch:[4/5]	Iter:[1/15]	cls_loss:0.2203	box_loss:0.3747	obj_loss:0.0575Targets: [{'boxes': tensor([[318.7500, 296.2500, 411.2500, 414.7500],
        [312.0000, 116.1250, 382.0000, 163.5000],
        [329.2500,  96.0000, 400.0000, 155.2500],
        [392.7500, 109.0625, 465.2500, 164.7500],
        [449.2500,  69.8750, 514.5000, 131.5000],
        [512.5000,  93.6250, 561.5000, 154.1250],
        [522.5000, 110.2500, 611.5000, 181.3750],
        [433.2500,  17.7812, 449.2500,  37.9375],
        [459.2500,  16.5938, 494.0000,  45.0312],
        [334.7500, 362.2500, 360.7500, 374.2500],
        [373.2500,  28.4375, 386.0000,  61.6250],
        [383.2500,  27.2656, 394.7500,  58.0625],
        [392.7500,  22.5156, 402.7500,  47.4062]], device='cuda:0',
       dtype=torch.float16), 'labels': tensor([1, 1, 1, 1, 1, 1, 1, 1, 1, 3, 5, 5, 5], device='cuda:0'), 'image_id': tensor(41, device='cuda:0')}, {'boxes': tensor([[ 83.8125, 292.0000, 386.0000, 481.7500]], device='cuda:0',
       dtype=torch.float16), 'labels': tensor([1], device='cuda:0'), 'image_id': tensor(23, device='cuda:0')}, {'boxes': tensor([[253.3750, 137.5000, 333.2500, 221.6250],
        [343.2500, 213.3750, 407.2500, 323.5000],
        [249.3750, 250.1250, 316.7500, 374.5000],
        [262.0000, 322.7500, 358.0000, 472.0000],
        [374.7500, 120.8750, 430.7500, 199.1250],
        [528.5000,  35.5625, 580.0000,  84.1250],
        [294.7500, 405.2500, 322.0000, 420.7500],
        [348.7500, 150.5000, 368.0000, 244.1250],
        [600.0000, 138.6250, 622.0000, 215.7500]], device='cuda:0',
       dtype=torch.float16), 'labels': tensor([1, 1, 1, 1, 1, 1, 3, 4, 4], device='cuda:0'), 'image_id': tensor(49, device='cuda:0')}, {'boxes': tensor([[306.7500, 359.0000, 397.2500, 524.0000],
        [274.5000, 484.7500, 379.2500, 640.0000],
        [433.2500, 317.7500, 521.5000, 461.0000],
        [441.2500, 449.2500, 575.5000, 640.0000],
        [372.7500, 250.1250, 440.0000, 345.0000],
        [ 16.6719, 103.1250,  52.0000, 154.1250],
        [  1.3330,  78.2500,  36.6562, 126.8125],
        [ 86.0000, 481.2500,  97.3125, 493.0000],
        [235.3750, 475.2500, 246.0000, 488.2500],
        [341.2500, 462.2500, 368.0000, 474.0000],
        [313.2500, 605.5000, 348.7500, 623.5000],
        [508.0000, 577.0000, 542.0000, 597.5000],
        [475.2500, 429.0000, 495.2500, 441.0000],
        [392.0000, 303.5000, 413.2500, 317.7500],
        [127.3125, 334.0000, 162.6250, 471.5000],
        [500.7500, 206.2500, 527.5000, 275.0000],
        [ 30.6719, 355.5000, 107.3125, 534.5000],
        [185.3750, 341.2500, 254.0000, 516.5000],
        [413.2500,  97.1875, 453.2500, 157.6250]], device='cuda:0',
       dtype=torch.float16), 'labels': tensor([1, 1, 1, 1, 1, 1, 1, 3, 3, 3, 3, 3, 3, 3, 4, 4, 5, 5, 5],
       device='cuda:0'), 'image_id': tensor(52, device='cuda:0')}]
